<?xml version="1.0" encoding="utf-8"?>
<TestRun id="d314f625-80dc-48d2-ae8f-f7557f4ff8b3" name="PierryB@PIERRY 2024-12-03 20:05:18" runUser="PIERRY\PierryB" xmlns="http://microsoft.com/schemas/VisualStudio/TeamTest/2010">
  <Times creation="2024-12-03T20:05:18.0477467-03:00" queuing="2024-12-03T20:05:18.0477469-03:00" start="2024-12-03T20:05:14.0607149-03:00" finish="2024-12-03T20:05:18.0529369-03:00" />
  <TestSettings name="default" id="62d558ba-acf2-469c-a623-a70b31dde4b5">
    <Deployment runDeploymentRoot="PierryB_PIERRY_2024-12-03_20_05_18" />
  </TestSettings>
  <Results>
    <UnitTestResult executionId="9991f829-886a-4688-a880-492c05afc00d" testId="6ba2c4f4-37e0-2585-801c-a780d6bf6d9d" testName="Application.Tests.HistoricoFipeServiceTests.SiteFipe_ShouldCallOpenFipeSite_WhenValidParams" computerName="PIERRY" duration="00:00:00.0118784" startTime="2024-12-03T20:05:17.5243668-03:00" endTime="2024-12-03T20:05:17.5243670-03:00" testType="13cdc9d9-ddb5-4fa4-a97d-d965ccfc6d4b" outcome="Passed" testListId="8c84fa94-04c1-424b-9868-57a2d4851a1d" relativeResultsDirectory="9991f829-886a-4688-a880-492c05afc00d" />
    <UnitTestResult executionId="b584820f-43a0-4afd-ae8f-aa72ae54a723" testId="5a8b52bc-c930-6408-763f-08b79e22b44b" testName="Application.Tests.HistoricoFipeServiceTests.SiteFipe_ShouldThrowException_WhenMesConferenciaIsInvalid" computerName="PIERRY" duration="00:00:00.0030666" startTime="2024-12-03T20:05:17.5274813-03:00" endTime="2024-12-03T20:05:17.5274815-03:00" testType="13cdc9d9-ddb5-4fa4-a97d-d965ccfc6d4b" outcome="Passed" testListId="8c84fa94-04c1-424b-9868-57a2d4851a1d" relativeResultsDirectory="b584820f-43a0-4afd-ae8f-aa72ae54a723" />
    <UnitTestResult executionId="b1bb0bb2-c296-42e8-9c7e-ea703991059e" testId="8c2b617a-d95d-3045-e3c6-a17d86b2ee10" testName="Application.Tests.HistoricoFipeServiceTests.FetchOptions_ShouldReturnValidOptions" computerName="PIERRY" duration="00:00:00.0873791" startTime="2024-12-03T20:05:17.5128366-03:00" endTime="2024-12-03T20:05:17.5128557-03:00" testType="13cdc9d9-ddb5-4fa4-a97d-d965ccfc6d4b" outcome="Passed" testListId="8c84fa94-04c1-424b-9868-57a2d4851a1d" relativeResultsDirectory="b1bb0bb2-c296-42e8-9c7e-ea703991059e" />
  </Results>
  <TestDefinitions>
    <UnitTest name="Application.Tests.HistoricoFipeServiceTests.SiteFipe_ShouldCallOpenFipeSite_WhenValidParams" storage="c:\github\historicofipe\application.tests\bin\debug\net8.0\application.tests.dll" id="6ba2c4f4-37e0-2585-801c-a780d6bf6d9d">
      <Execution id="9991f829-886a-4688-a880-492c05afc00d" />
      <TestMethod codeBase="C:\GitHub\HistoricoFipe\Application.Tests\bin\Debug\net8.0\Application.Tests.dll" adapterTypeName="executor://xunit/VsTestRunner2/netcoreapp" className="Application.Tests.HistoricoFipeServiceTests" name="SiteFipe_ShouldCallOpenFipeSite_WhenValidParams" />
    </UnitTest>
    <UnitTest name="Application.Tests.HistoricoFipeServiceTests.SiteFipe_ShouldThrowException_WhenMesConferenciaIsInvalid" storage="c:\github\historicofipe\application.tests\bin\debug\net8.0\application.tests.dll" id="5a8b52bc-c930-6408-763f-08b79e22b44b">
      <Execution id="b584820f-43a0-4afd-ae8f-aa72ae54a723" />
      <TestMethod codeBase="C:\GitHub\HistoricoFipe\Application.Tests\bin\Debug\net8.0\Application.Tests.dll" adapterTypeName="executor://xunit/VsTestRunner2/netcoreapp" className="Application.Tests.HistoricoFipeServiceTests" name="SiteFipe_ShouldThrowException_WhenMesConferenciaIsInvalid" />
    </UnitTest>
    <UnitTest name="Application.Tests.HistoricoFipeServiceTests.FetchOptions_ShouldReturnValidOptions" storage="c:\github\historicofipe\application.tests\bin\debug\net8.0\application.tests.dll" id="8c2b617a-d95d-3045-e3c6-a17d86b2ee10">
      <Execution id="b1bb0bb2-c296-42e8-9c7e-ea703991059e" />
      <TestMethod codeBase="C:\GitHub\HistoricoFipe\Application.Tests\bin\Debug\net8.0\Application.Tests.dll" adapterTypeName="executor://xunit/VsTestRunner2/netcoreapp" className="Application.Tests.HistoricoFipeServiceTests" name="FetchOptions_ShouldReturnValidOptions" />
    </UnitTest>
  </TestDefinitions>
  <TestEntries>
    <TestEntry testId="6ba2c4f4-37e0-2585-801c-a780d6bf6d9d" executionId="9991f829-886a-4688-a880-492c05afc00d" testListId="8c84fa94-04c1-424b-9868-57a2d4851a1d" />
    <TestEntry testId="5a8b52bc-c930-6408-763f-08b79e22b44b" executionId="b584820f-43a0-4afd-ae8f-aa72ae54a723" testListId="8c84fa94-04c1-424b-9868-57a2d4851a1d" />
    <TestEntry testId="8c2b617a-d95d-3045-e3c6-a17d86b2ee10" executionId="b1bb0bb2-c296-42e8-9c7e-ea703991059e" testListId="8c84fa94-04c1-424b-9868-57a2d4851a1d" />
  </TestEntries>
  <TestLists>
    <TestList name="Resultados que não estão em uma lista" id="8c84fa94-04c1-424b-9868-57a2d4851a1d" />
    <TestList name="Todos os resultados carregados" id="19431567-8539-422a-85d7-44ee4e166bda" />
  </TestLists>
  <ResultSummary outcome="Completed">
    <Counters total="3" executed="3" passed="3" failed="0" error="0" timeout="0" aborted="0" inconclusive="0" passedButRunAborted="0" notRunnable="0" notExecuted="0" disconnected="0" warning="0" completed="0" inProgress="0" pending="0" />
    <Output>
      <StdOut>[xUnit.net 00:00:00.00] xUnit.net VSTest Adapter v2.8.2+699d445a1a (64-bit .NET 8.0.3)&#xD;
[xUnit.net 00:00:00.07]   Discovering: Application.Tests&#xD;
[xUnit.net 00:00:00.10]   Discovered:  Application.Tests&#xD;
[xUnit.net 00:00:00.10]   Starting:    Application.Tests&#xD;
[xUnit.net 00:00:00.24]   Finished:    Application.Tests&#xD;
</StdOut>
    </Output>
    <CollectorDataEntries>
      <Collector agentName="PIERRY" uri="datacollector://microsoft/CoverletCodeCoverage/1.0" collectorDisplayName="XPlat code coverage">
        <UriAttachments>
          <UriAttachment>
            <A href="PIERRY\coverage.cobertura.xml"></A>
          </UriAttachment>
        </UriAttachments>
      </Collector>
    </CollectorDataEntries>
  </ResultSummary>
</TestRun>